# JRE version: OpenJDK Runtime Environment (17.0.9) (build 17.0.9+0--11185874)
# Java VM: OpenJDK 64-Bit Server VM (17.0.9+0--11185874, mixed mode, tiered, compressed oops, compressed class ptrs, g1 gc, windows-amd64)
GC Precious Log:
 CPUs: 8 total, 8 available
 Memory: 12055M
 Large Page Support: Disabled
 NUMA Support: Disabled
 Compressed Oops: Enabled (32-bit)
 Heap Region Size: 1M
 Heap Min Capacity: 8M
 Heap Initial Capacity: 190M
 Heap Max Capacity: 2G
 Pre-touch: Disabled
 Parallel Workers: 8
 Concurrent Workers: 2
 Concurrent Refinement Workers: 8
 Periodic GC: Disabled
Heap:
 garbage-first heap   total 430080K, used 249487K [0x0000000080000000, 0x0000000100000000)
  region size 1024K, 2 young (2048K), 2 survivors (2048K)
 Metaspace       used 132787K, committed 133888K, reserved 1179648K
  class space    used 17199K, committed 17728K, reserved 1048576K
GC Heap History (20 events):
Event: 138.153 GC heap after
{Heap after GC invocations=79 (full 0):
 garbage-first heap   total 283648K, used 227328K [0x0000000080000000, 0x0000000100000000)
  region size 1024K, 3 young (3072K), 3 survivors (3072K)
 Metaspace       used 126621K, committed 127616K, reserved 1179648K
  class space    used 16488K, committed 16960K, reserved 1048576K
}
Event: 138.456 GC heap before
{Heap before GC invocations=79 (full 0):
 garbage-first heap   total 283648K, used 242688K [0x0000000080000000, 0x0000000100000000)
  region size 1024K, 18 young (18432K), 3 survivors (3072K)
 Metaspace       used 129005K, committed 130112K, reserved 1179648K
  class space    used 16741K, committed 17280K, reserved 1048576K
}
Event: 138.462 GC heap after
{Heap after GC invocations=80 (full 0):
 garbage-first heap   total 283648K, used 230086K [0x0000000080000000, 0x0000000100000000)
  region size 1024K, 3 young (3072K), 3 survivors (3072K)
 Metaspace       used 129005K, committed 130112K, reserved 1179648K
  class space    used 16741K, committed 17280K, reserved 1048576K
}
Event: 138.731 GC heap before
{Heap before GC invocations=80 (full 0):
 garbage-first heap   total 283648K, used 251590K [0x0000000080000000, 0x0000000100000000)
  region size 1024K, 17 young (17408K), 3 survivors (3072K)
 Metaspace       used 129970K, committed 131008K, reserved 1179648K
  class space    used 16839K, committed 17344K, reserved 1048576K
}
Event: 138.737 GC heap after
{Heap after GC invocations=81 (full 0):
 garbage-first heap   total 283648K, used 233054K [0x0000000080000000, 0x0000000100000000)
  region size 1024K, 3 young (3072K), 3 survivors (3072K)
 Metaspace       used 129970K, committed 131008K, reserved 1179648K
  class space    used 16839K, committed 17344K, reserved 1048576K
}
Event: 138.986 GC heap before
{Heap before GC invocations=81 (full 0):
 garbage-first heap   total 283648K, used 244318K [0x0000000080000000, 0x0000000100000000)
  region size 1024K, 15 young (15360K), 3 survivors (3072K)
 Metaspace       used 130007K, committed 131072K, reserved 1179648K
  class space    used 16839K, committed 17344K, reserved 1048576K
}
Event: 138.993 GC heap after
{Heap after GC invocations=82 (full 0):
 garbage-first heap   total 283648K, used 235406K [0x0000000080000000, 0x0000000100000000)
  region size 1024K, 2 young (2048K), 2 survivors (2048K)
 Metaspace       used 130007K, committed 131072K, reserved 1179648K
  class space    used 16839K, committed 17344K, reserved 1048576K
}
Event: 139.266 GC heap before
{Heap before GC invocations=82 (full 0):
 garbage-first heap   total 283648K, used 246670K [0x0000000080000000, 0x0000000100000000)
  region size 1024K, 13 young (13312K), 2 survivors (2048K)
 Metaspace       used 132304K, committed 133376K, reserved 1179648K
  class space    used 17162K, committed 17664K, reserved 1048576K
}
Event: 139.271 GC heap after
{Heap after GC invocations=83 (full 0):
 garbage-first heap   total 283648K, used 236770K [0x0000000080000000, 0x0000000100000000)
  region size 1024K, 2 young (2048K), 2 survivors (2048K)
 Metaspace       used 132304K, committed 133376K, reserved 1179648K
  class space    used 17162K, committed 17664K, reserved 1048576K
}
Event: 139.534 GC heap before
{Heap before GC invocations=83 (full 0):
 garbage-first heap   total 283648K, used 248034K [0x0000000080000000, 0x0000000100000000)
  region size 1024K, 13 young (13312K), 2 survivors (2048K)
 Metaspace       used 132395K, committed 133504K, reserved 1179648K
  class space    used 17168K, committed 17664K, reserved 1048576K
}
Event: 139.537 GC heap after
{Heap after GC invocations=84 (full 0):
 garbage-first heap   total 283648K, used 237167K [0x0000000080000000, 0x0000000100000000)
  region size 1024K, 1 young (1024K), 1 survivors (1024K)
 Metaspace       used 132395K, committed 133504K, reserved 1179648K
  class space    used 17168K, committed 17664K, reserved 1048576K
}
Event: 139.801 GC heap before
{Heap before GC invocations=84 (full 0):
 garbage-first heap   total 283648K, used 255599K [0x0000000080000000, 0x0000000100000000)
  region size 1024K, 13 young (13312K), 1 survivors (1024K)
 Metaspace       used 132478K, committed 133504K, reserved 1179648K
  class space    used 17175K, committed 17664K, reserved 1048576K
}
Event: 139.806 GC heap after
{Heap after GC invocations=85 (full 0):
 garbage-first heap   total 283648K, used 246164K [0x0000000080000000, 0x0000000100000000)
  region size 1024K, 2 young (2048K), 2 survivors (2048K)
 Metaspace       used 132478K, committed 133504K, reserved 1179648K
  class space    used 17175K, committed 17664K, reserved 1048576K
}
Event: 139.809 GC heap before
{Heap before GC invocations=85 (full 0):
 garbage-first heap   total 283648K, used 252308K [0x0000000080000000, 0x0000000100000000)
  region size 1024K, 3 young (3072K), 2 survivors (2048K)
 Metaspace       used 132478K, committed 133504K, reserved 1179648K
  class space    used 17175K, committed 17664K, reserved 1048576K
}
Event: 139.813 GC heap after
{Heap after GC invocations=86 (full 0):
 garbage-first heap   total 283648K, used 246570K [0x0000000080000000, 0x0000000100000000)
  region size 1024K, 1 young (1024K), 1 survivors (1024K)
 Metaspace       used 132478K, committed 133504K, reserved 1179648K
  class space    used 17175K, committed 17664K, reserved 1048576K
}
Event: 139.948 GC heap before
{Heap before GC invocations=86 (full 0):
 garbage-first heap   total 283648K, used 261930K [0x0000000080000000, 0x0000000100000000)
  region size 1024K, 13 young (13312K), 1 survivors (1024K)
 Metaspace       used 132732K, committed 133824K, reserved 1179648K
  class space    used 17195K, committed 17728K, reserved 1048576K
}
Event: 139.951 GC heap after
{Heap after GC invocations=87 (full 0):
 garbage-first heap   total 283648K, used 244736K [0x0000000080000000, 0x0000000100000000)
  region size 1024K, 2 young (2048K), 2 survivors (2048K)
 Metaspace       used 132732K, committed 133824K, reserved 1179648K
  class space    used 17195K, committed 17728K, reserved 1048576K
}
Event: 140.017 GC heap before
{Heap before GC invocations=87 (full 0):
 garbage-first heap   total 283648K, used 256000K [0x0000000080000000, 0x0000000100000000)
  region size 1024K, 13 young (13312K), 2 survivors (2048K)
 Metaspace       used 132791K, committed 133888K, reserved 1179648K
  class space    used 17199K, committed 17728K, reserved 1048576K
}
Event: 140.020 GC heap after
{Heap after GC invocations=88 (full 0):
 garbage-first heap   total 283648K, used 247061K [0x0000000080000000, 0x0000000100000000)
  region size 1024K, 2 young (2048K), 2 survivors (2048K)
 Metaspace       used 132791K, committed 133888K, reserved 1179648K
  class space    used 17199K, committed 17728K, reserved 1048576K
}
Event: 140.091 GC heap before
{Heap before GC invocations=88 (full 0):
 garbage-first heap   total 430080K, used 258325K [0x0000000080000000, 0x0000000100000000)
  region size 1024K, 13 young (13312K), 2 survivors (2048K)
 Metaspace       used 132787K, committed 133888K, reserved 1179648K
  class space    used 17199K, committed 17728K, reserved 1048576K
}

